Started GET "/" for 127.0.0.1 at 2018-03-28 12:25:47 +0300
Processing by Rails::WelcomeController#index as HTML
  Rendering /home/zajmanov/.rvm/gems/ruby-2.2.7/gems/railties-5.1.5/lib/rails/templates/rails/welcome/index.html.erb
  Rendered /home/zajmanov/.rvm/gems/ruby-2.2.7/gems/railties-5.1.5/lib/rails/templates/rails/welcome/index.html.erb (2.4ms)
Completed 200 OK in 89ms (Views: 4.7ms)


Started GET "/" for 127.0.0.1 at 2018-04-02 12:32:44 +0300
Processing by Rails::WelcomeController#index as HTML
  Rendering /home/zajmanov/.rvm/gems/ruby-2.2.7/gems/railties-5.1.5/lib/rails/templates/rails/welcome/index.html.erb
  Rendered /home/zajmanov/.rvm/gems/ruby-2.2.7/gems/railties-5.1.5/lib/rails/templates/rails/welcome/index.html.erb (2.5ms)
Completed 200 OK in 166ms (Views: 5.3ms)


Started GET "/" for 127.0.0.1 at 2018-04-02 14:39:24 +0300
Processing by Rails::WelcomeController#index as HTML
  Rendering /home/zajmanov/.rvm/gems/ruby-2.2.7/gems/railties-5.1.5/lib/rails/templates/rails/welcome/index.html.erb
  Rendered /home/zajmanov/.rvm/gems/ruby-2.2.7/gems/railties-5.1.5/lib/rails/templates/rails/welcome/index.html.erb (2.4ms)
Completed 200 OK in 78ms (Views: 4.7ms)


Started GET "/about/about" for 127.0.0.1 at 2018-04-02 14:39:39 +0300
  
ActionController::RoutingError (No route matches [GET] "/about/about"):
  
actionpack (5.1.5) lib/action_dispatch/middleware/debug_exceptions.rb:63:in `call'
web-console (3.5.1) lib/web_console/middleware.rb:135:in `call_app'
web-console (3.5.1) lib/web_console/middleware.rb:28:in `block in call'
web-console (3.5.1) lib/web_console/middleware.rb:18:in `catch'
web-console (3.5.1) lib/web_console/middleware.rb:18:in `call'
actionpack (5.1.5) lib/action_dispatch/middleware/show_exceptions.rb:31:in `call'
railties (5.1.5) lib/rails/rack/logger.rb:36:in `call_app'
railties (5.1.5) lib/rails/rack/logger.rb:24:in `block in call'
activesupport (5.1.5) lib/active_support/tagged_logging.rb:69:in `block in tagged'
activesupport (5.1.5) lib/active_support/tagged_logging.rb:26:in `tagged'
activesupport (5.1.5) lib/active_support/tagged_logging.rb:69:in `tagged'
railties (5.1.5) lib/rails/rack/logger.rb:24:in `call'
sprockets-rails (3.2.1) lib/sprockets/rails/quiet_assets.rb:13:in `call'
actionpack (5.1.5) lib/action_dispatch/middleware/remote_ip.rb:79:in `call'
actionpack (5.1.5) lib/action_dispatch/middleware/request_id.rb:25:in `call'
rack (2.0.4) lib/rack/method_override.rb:22:in `call'
rack (2.0.4) lib/rack/runtime.rb:22:in `call'
activesupport (5.1.5) lib/active_support/cache/strategy/local_cache_middleware.rb:27:in `call'
actionpack (5.1.5) lib/action_dispatch/middleware/executor.rb:12:in `call'
actionpack (5.1.5) lib/action_dispatch/middleware/static.rb:125:in `call'
rack (2.0.4) lib/rack/sendfile.rb:111:in `call'
railties (5.1.5) lib/rails/engine.rb:522:in `call'
puma (3.11.3) lib/puma/configuration.rb:225:in `call'
puma (3.11.3) lib/puma/server.rb:624:in `handle_request'
puma (3.11.3) lib/puma/server.rb:438:in `process_client'
puma (3.11.3) lib/puma/server.rb:302:in `block in run'
puma (3.11.3) lib/puma/thread_pool.rb:120:in `call'
puma (3.11.3) lib/puma/thread_pool.rb:120:in `block in spawn_thread'
